
Collecting usage statistics. To deactivate, set browser.gatherUsageStats to false.


  You can now view your Streamlit app in your browser.

  Local URL: http://localhost:8002
  Network URL: http://172.28.0.12:8002
  External URL: http://34.53.101.117:8002

[31mâ”€â”€[0m[31mâ”€â”€â”€â”€â”€â”€â”€â”€â”€â”€â”€â”€â”€â”€â”€â”€â”€â”€â”€â”€â”€â”€â”€â”€[0m[31m [0m[1;31mTraceback [0m[1;2;31m(most recent call last)[0m[31m [0m[31mâ”€â”€â”€â”€â”€â”€â”€â”€â”€â”€â”€â”€â”€â”€â”€â”€â”€â”€â”€â”€â”€â”€â”€â”€â”€[0m[31mâ”€â”€[0m
[31m [0m [2;33m/usr/local/lib/python3.12/dist-packages/streamlit/runtime/scriptrunner/[0m[1;33mexec_code.py[0m: [31m [0m
[31m [0m [94m129[0m in [92mexec_func_with_error_handling[0m                                                 [31m [0m
[31m [0m                                                                                      [31m [0m
[31m [0m [2;33m/usr/local/lib/python3.12/dist-packages/streamlit/runtime/scriptrunner/[0m[1;33mscript_runner[0m [31m [0m
[31m [0m [1;33m.py[0m:[94m672[0m in [92mcode_to_exec[0m                                                              [31m [0m
[31m [0m                                                                                      [31m [0m
[31m [0m [2;33m/content/[0m[1;33mapp.py[0m:[94m17[0m in [92m<module>[0m                                                       [31m [0m
[31m [0m                                                                                      [31m [0m
[31m [0m   [2m 14 [0m                                                                               [31m [0m
[31m [0m   [2m 15 [0m[94mfrom[0m[90m [0m[4;96mapp[0m[4;96m.[0m[4;96mconfig[0m[90m [0m[94mimport[0m DEFAULT_SYSTEM_PROMPT                                   [31m [0m
[31m [0m   [2m 16 [0m[94mfrom[0m[90m [0m[4;96mapp[0m[4;96m.[0m[4;96mclient[0m[90m [0m[94mimport[0m get_client                                              [31m [0m
[31m [0m [31mâ± [0m 17 [1;4;94mfrom[0m[1;4;90m [0m[1;4;96mapp[0m[1;4;96m.[0m[1;4;96mtools[0m[1;4;90m [0m[1;4;94mimport[0m[1;4m get_tools, TOOLS[0m                                         [31m [0m
[31m [0m   [2m 18 [0m[94mfrom[0m[90m [0m[4;96mapp[0m[4;96m.[0m[4;96mdocs_extractor[0m[90m [0m[94mimport[0m extract                                         [31m [0m
[31m [0m   [2m 19 [0m                                                                               [31m [0m
[31m [0m   [2m 20 [0m                                                                               [31m [0m
[31mâ”€â”€â”€â”€â”€â”€â”€â”€â”€â”€â”€â”€â”€â”€â”€â”€â”€â”€â”€â”€â”€â”€â”€â”€â”€â”€â”€â”€â”€â”€â”€â”€â”€â”€â”€â”€â”€â”€â”€â”€â”€â”€â”€â”€â”€â”€â”€â”€â”€â”€â”€â”€â”€â”€â”€â”€â”€â”€â”€â”€â”€â”€â”€â”€â”€â”€â”€â”€â”€â”€â”€â”€â”€â”€â”€â”€â”€â”€â”€â”€â”€â”€â”€â”€â”€â”€â”€â”€[0m
[91mâ”€â”€â”€â”€â”€â”€â”€â”€â”€â”€â”€â”€â”€â”€â”€â”€â”€â”€â”€â”€â”€â”€â”€â”€â”€â”€â”€â”€â”€â”€â”€â”€â”€â”€â”€â”€â”€â”€â”€â”€â”€â”€â”€â”€â”€â”€â”€â”€â”€â”€â”€â”€â”€â”€â”€â”€â”€â”€â”€â”€â”€â”€â”€â”€â”€â”€â”€â”€â”€â”€â”€â”€â”€â”€â”€â”€â”€â”€â”€â”€â”€â”€â”€â”€â”€â”€â”€â”€[0m
[91m [0m [2;33m /content/app/tools/[0m[1;33m__init__.py[0m[1m:[0m[1;94m129[0m                                                  [91m [0m
[91m [0m [33m""[0m"                                                                                  [91m [0m
[91m [0m [1;91mâ–²[0m                                                                                    [91m [0m
[91mâ”€â”€â”€â”€â”€â”€â”€â”€â”€â”€â”€â”€â”€â”€â”€â”€â”€â”€â”€â”€â”€â”€â”€â”€â”€â”€â”€â”€â”€â”€â”€â”€â”€â”€â”€â”€â”€â”€â”€â”€â”€â”€â”€â”€â”€â”€â”€â”€â”€â”€â”€â”€â”€â”€â”€â”€â”€â”€â”€â”€â”€â”€â”€â”€â”€â”€â”€â”€â”€â”€â”€â”€â”€â”€â”€â”€â”€â”€â”€â”€â”€â”€â”€â”€â”€â”€â”€â”€[0m
[1;91mSyntaxError: [0munterminated triple-quoted string literal [1m([0mdetected at line [1;36m129[0m[1m)[0m
